0 info it worked if it ends with ok
1 verbose cli [ '/usr/local/Cellar/node/8.2.1/bin/node',
1 verbose cli   '/Users/Jon/.npm-packages/bin/npm',
1 verbose cli   'start' ]
2 info using npm@4.1.2
3 info using node@v8.2.1
4 verbose run-script [ 'prestart', 'start', 'poststart' ]
5 info lifecycle react-uport-box@0.1.0~prestart: react-uport-box@0.1.0
6 silly lifecycle react-uport-box@0.1.0~prestart: no script for prestart, continuing
7 info lifecycle react-uport-box@0.1.0~start: react-uport-box@0.1.0
8 verbose lifecycle react-uport-box@0.1.0~start: unsafe-perm in lifecycle true
9 verbose lifecycle react-uport-box@0.1.0~start: PATH: /Users/Jon/.npm-packages/lib/node_modules/npm/bin/node-gyp-bin:/Users/Jon/htns/ethwaterloo/v2/ethwaterloo-bit/node_modules/.bin:/opt/local/bin:/opt/local/sbin:/Users/Jon/.npm-packages/bin:/Users/Jon/anaconda/bin:/Library/Frameworks/Python.framework/Versions/3.5/bin:/Users/Jon/.rvm/gems/ruby-2.3.0/bin:/Users/Jon/.rvm/gems/ruby-2.3.0@global/bin:/Users/Jon/.rvm/rubies/ruby-2.3.0/bin:/Users/Jon/Library/Enthought/Canopy_64bit/User/bin:/usr/bin:/bin:/usr/sbin:/sbin:/usr/local/bin:/opt/X11/bin:/Applications/MAMP/Library/bin:/Library/Frameworks/Mono.framework/Versions/Current/Commands:/Library/TeX/texbin:/Users/Jon/.rvm/bin
10 verbose lifecycle react-uport-box@0.1.0~start: CWD: /Users/Jon/htns/ethwaterloo/v2/ethwaterloo-bit
11 silly lifecycle react-uport-box@0.1.0~start: Args: [ '-c', 'node scripts/start.js' ]
12 silly lifecycle react-uport-box@0.1.0~start: Returned: code: 1  signal: null
13 info lifecycle react-uport-box@0.1.0~start: Failed to exec start script
14 verbose stack Error: react-uport-box@0.1.0 start: `node scripts/start.js`
14 verbose stack Exit status 1
14 verbose stack     at EventEmitter.<anonymous> (/Users/Jon/.npm-packages/lib/node_modules/npm/lib/utils/lifecycle.js:279:16)
14 verbose stack     at emitTwo (events.js:125:13)
14 verbose stack     at EventEmitter.emit (events.js:213:7)
14 verbose stack     at ChildProcess.<anonymous> (/Users/Jon/.npm-packages/lib/node_modules/npm/lib/utils/spawn.js:40:14)
14 verbose stack     at emitTwo (events.js:125:13)
14 verbose stack     at ChildProcess.emit (events.js:213:7)
14 verbose stack     at maybeClose (internal/child_process.js:921:16)
14 verbose stack     at Process.ChildProcess._handle.onexit (internal/child_process.js:211:5)
15 verbose pkgid react-uport-box@0.1.0
16 verbose cwd /Users/Jon/htns/ethwaterloo/v2/ethwaterloo-bit
17 error Darwin 16.6.0
18 error argv "/usr/local/Cellar/node/8.2.1/bin/node" "/Users/Jon/.npm-packages/bin/npm" "start"
19 error node v8.2.1
20 error npm  v4.1.2
21 error code ELIFECYCLE
22 error react-uport-box@0.1.0 start: `node scripts/start.js`
22 error Exit status 1
23 error Failed at the react-uport-box@0.1.0 start script 'node scripts/start.js'.
23 error Make sure you have the latest version of node.js and npm installed.
23 error If you do, this is most likely a problem with the react-uport-box package,
23 error not with npm itself.
23 error Tell the author that this fails on your system:
23 error     node scripts/start.js
23 error You can get information on how to open an issue for this project with:
23 error     npm bugs react-uport-box
23 error Or if that isn't available, you can get their info via:
23 error     npm owner ls react-uport-box
23 error There is likely additional logging output above.
24 verbose exit [ 1, true ]
